[INFO] 2022-10-21 19:35:39.919 MyHashMap:22 - Хеш-таблиця завжди починається з розміру 4, за потреби подвоюється 
[INFO] 2022-10-21 19:35:39.923 MyHashMap:27 - Ініцілізація 
[INFO] 2022-10-21 19:35:39.924 MyHashMap:35 - Хеш-функція для створення позитивного дійсного індексу в нашій таблиці для даного ключа 
[INFO] 2022-10-21 19:35:39.924 MyHashMap:41 - Знайдемо індекс ключа в пов’язаному списку в цьому конкретному сегменті. 
[INFO] 2022-10-21 19:35:39.925 MyHashMap:74 - Немає ключів, не допоможе, якщо хеш-функція погана з великою кількістю колізій. 
[INFO] 2022-10-21 19:35:39.926 MyHashMap:35 - Хеш-функція для створення позитивного дійсного індексу в нашій таблиці для даного ключа 
[INFO] 2022-10-21 19:35:39.926 MyHashMap:41 - Знайдемо індекс ключа в пов’язаному списку в цьому конкретному сегменті. 
[INFO] 2022-10-21 19:35:39.927 MyHashMap:74 - Немає ключів, не допоможе, якщо хеш-функція погана з великою кількістю колізій. 
[INFO] 2022-10-21 19:35:39.927 MyHashMap:82 - Отримуємо значення за ключем 
[INFO] 2022-10-21 19:35:39.928 MyHashMap:35 - Хеш-функція для створення позитивного дійсного індексу в нашій таблиці для даного ключа 
[INFO] 2022-10-21 19:35:39.928 MyHashMap:41 - Знайдемо індекс ключа в пов’язаному списку в цьому конкретному сегменті. 
[INFO] 2022-10-21 19:35:39.929 Main:14 - 5 
[INFO] 2022-10-21 19:35:39.929 MyHashMap:35 - Хеш-функція для створення позитивного дійсного індексу в нашій таблиці для даного ключа 
[INFO] 2022-10-21 19:35:39.930 MyHashMap:41 - Знайдемо індекс ключа в пов’язаному списку в цьому конкретному сегменті. 
[INFO] 2022-10-21 19:35:39.930 MyHashMap:74 - Немає ключів, не допоможе, якщо хеш-функція погана з великою кількістю колізій. 
[INFO] 2022-10-21 19:35:39.930 MyHashMap:82 - Отримуємо значення за ключем 
[INFO] 2022-10-21 19:35:39.931 MyHashMap:35 - Хеш-функція для створення позитивного дійсного індексу в нашій таблиці для даного ключа 
[INFO] 2022-10-21 19:35:39.931 MyHashMap:41 - Знайдемо індекс ключа в пов’язаному списку в цьому конкретному сегменті. 
[INFO] 2022-10-21 19:35:39.931 Main:16 - 4 
[INFO] 2022-10-21 19:35:39.931 MyHashMap:82 - Отримуємо значення за ключем 
[INFO] 2022-10-21 19:35:39.932 MyHashMap:35 - Хеш-функція для створення позитивного дійсного індексу в нашій таблиці для даного ключа 
[INFO] 2022-10-21 19:35:39.932 MyHashMap:41 - Знайдемо індекс ключа в пов’язаному списку в цьому конкретному сегменті. 
[INFO] 2022-10-21 19:35:39.933 Main:17 - -1 
